O O O O O B-origin O B-destination B-round_trip I-round_trip
B-round_trip I-round_trip O O B-origin O B-destination B-cost_relative O B-fare_amount I-fare_amount B-round_trip I-round_trip O O B-origin O B-destination B-cost_relative O B-fare_amount I-fare_amount B-round_trip I-round_trip O O B-origin O B-destination B-cost_relative O B-fare_amount I-fare_amount
O O O O O O B-destination O B-arrive_month B-arrive_day
O O O O O O O B-origin I-origin O O B-destination O B-stoploc.city_name O O B-arrive_time.time_relative B-arrive_time.time I-arrive_time.time
O O O O B-origin O B-destination B-destination_state O O O
O O O O O O B-origin O B-destination I-destination O O O B-stoploc.city_name I-stoploc.city_name O O B-meal_description O O O O O O O
O O O O B-origin O O O O O B-destination O B-depart_month B-depart_day_number
O O O O O O B-origin O B-destination
O O O O O O B-airline_name I-airline_name O B-origin O B-destination I-destination O O B-depart_time.period_of_day O O
O B-depart_day O O O B-origin O B-destination I-destination B-destination_state O O B-depart_time_relative B-depart_time
B-airline_name O O B-origin O B-destination I-destination B-depart_time.period_of_day
O O O O O O O O B-toloc.airport_name I-toloc.airport_name I-toloc.airport_name
O O B-depart_date.date_relative O O O O O O O B-origin O B-destination I-destination B-or O B-destination
O B-airline_name I-airline_name O O B-origin O B-destination I-destination
B-origin O B-destination
O O O O B-airline_code O O B-class_type I-class_type
O O O O O B-origin O B-destination O B-class_type I-class_type
O O O O O B-cost_relative I-cost_relative B-round_trip I-round_trip O O B-origin O B-destination
O O O O O O
O O O O O B-origin O B-destination I-destination O B-depart_day O B-depart_day_number